Using pre-set license
Built from '2020.3/staging' branch; Version is '2020.3.9f1 (108be757e447) revision 1084391'; Using compiler version '192528614'; Build Type 'Release'
OS: 'Windows 10 Home; OS build 19043.1237; Version 2009; 64bit' Language: 'en' Physical Memory: 16297 MB
BatchMode: 1, IsHumanControllingUs: 0, StartBugReporterOnCrash: 0, Is64bit: 1, IsPro: 0

 COMMAND LINE ARGUMENTS:
C:\Program Files\Unity\Hub\Editor\2020.3.9f1\Editor\Unity.exe
-adb2
-batchMode
-noUpm
-name
AssetImportWorker0
-projectPath
C:/Users/ryand/Documents/GitHub/Educational-Solar-Sim/EducationalSolarSimulatorDEV
-logFile
Logs/AssetImportWorker0.log
-srvPort
61427
Successfully changed project path to: C:/Users/ryand/Documents/GitHub/Educational-Solar-Sim/EducationalSolarSimulatorDEV
C:/Users/ryand/Documents/GitHub/Educational-Solar-Sim/EducationalSolarSimulatorDEV
Using Asset Import Pipeline V2.
Refreshing native plugins compatible for Editor in 27.71 ms, found 2 plugins.
Preloading 0 native plugins for Editor in 0.00 ms.
Initialize engine version: 2020.3.9f1 (108be757e447)
[Subsystems] Discovering subsystems at path C:/Program Files/Unity/Hub/Editor/2020.3.9f1/Editor/Data/Resources/UnitySubsystems
[Subsystems] Discovering subsystems at path C:/Users/ryand/Documents/GitHub/Educational-Solar-Sim/EducationalSolarSimulatorDEV/Assets
GfxDevice: creating device client; threaded=0
Direct3D:
    Version:  Direct3D 11.0 [level 11.1]
    Renderer: NVIDIA GeForce RTX 2070 SUPER (ID=0x1e84)
    Vendor:   
    VRAM:     8011 MB
    Driver:   27.21.14.5671
Initialize mono
Mono path[0] = 'C:/Program Files/Unity/Hub/Editor/2020.3.9f1/Editor/Data/Managed'
Mono path[1] = 'C:/Program Files/Unity/Hub/Editor/2020.3.9f1/Editor/Data/MonoBleedingEdge/lib/mono/unityjit'
Mono config path = 'C:/Program Files/Unity/Hub/Editor/2020.3.9f1/Editor/Data/MonoBleedingEdge/etc'
Using monoOptions --debugger-agent=transport=dt_socket,embedding=1,server=y,suspend=n,address=127.0.0.1:56444
Begin MonoManager ReloadAssembly
Registering precompiled unity dll's ...
Register platform support module: C:/Program Files/Unity/Hub/Editor/2020.3.9f1/Editor/Data/PlaybackEngines/WindowsStandaloneSupport/UnityEditor.WindowsStandalone.Extensions.dll
Registered in 0.001419 seconds.
Native extension for WindowsStandalone target not found
Refreshing native plugins compatible for Editor in 21.46 ms, found 2 plugins.
Preloading 0 native plugins for Editor in 0.00 ms.
Mono: successfully reloaded assembly
- Completed reload, in  1.301 seconds
Platform modules already initialized, skipping
Registering precompiled user dll's ...
Registered in 0.004316 seconds.
Begin MonoManager ReloadAssembly
Native extension for WindowsStandalone target not found
Refreshing native plugins compatible for Editor in 0.41 ms, found 2 plugins.
Preloading 0 native plugins for Editor in 0.00 ms.
Mono: successfully reloaded assembly
- Completed reload, in  0.649 seconds
Platform modules already initialized, skipping
========================================================================
Worker process is ready to serve import requests
Launched and connected shader compiler UnityShaderCompiler.exe after 0.03 seconds
Refreshing native plugins compatible for Editor in 0.38 ms, found 2 plugins.
Preloading 0 native plugins for Editor in 0.00 ms.
Unloading 1236 Unused Serialized files (Serialized files now loaded: 0)
System memory in use before: 61.1 MB.
System memory in use after: 61.1 MB.

Unloading 39 unused Assets to reduce memory usage. Loaded Objects now: 1692.
Total: 1.646000 ms (FindLiveObjects: 0.143300 ms CreateObjectMapping: 0.033900 ms MarkObjects: 1.396100 ms  DeleteObjects: 0.071300 ms)

========================================================================
Received Import Request.
  path: Assets/Scenes/InfoPage.unity
  artifactKey: Guid(391b086af2acbff4198a1a83abe62789) Importer(815301076,1909f56bfc062723c751e8b465ee728b)
Start importing Assets/Scenes/InfoPage.unity using Guid(391b086af2acbff4198a1a83abe62789) Importer(815301076,1909f56bfc062723c751e8b465ee728b)  -> (artifact id: '120868245fc862707e38a7730806a071') in 0.014405 seconds
  Import took 0.016149 seconds .

========================================================================
Received Prepare
Registering precompiled user dll's ...
Registered in 0.004233 seconds.
Begin MonoManager ReloadAssembly
Native extension for WindowsStandalone target not found
Refreshing native plugins compatible for Editor in 0.44 ms, found 2 plugins.
Preloading 0 native plugins for Editor in 0.00 ms.
Mono: successfully reloaded assembly
- Completed reload, in  0.648 seconds
Platform modules already initialized, skipping
Switching build target platform(19) subTarget(0) extendedPlatform(0) -> platform(13) subTarget(537395200) extendedPlatform(0)
Refreshing native plugins compatible for Editor in 0.45 ms, found 2 plugins.
Preloading 0 native plugins for Editor in 0.00 ms.
Unloading 1233 Unused Serialized files (Serialized files now loaded: 0)
System memory in use before: 60.8 MB.
System memory in use after: 60.9 MB.

Unloading 34 unused Assets to reduce memory usage. Loaded Objects now: 1695.
Total: 1.630800 ms (FindLiveObjects: 0.153100 ms CreateObjectMapping: 0.029700 ms MarkObjects: 1.421400 ms  DeleteObjects: 0.025200 ms)

AssetImportParameters requested are different than current active one (requested -> active):
  custom:graphics/normal-map-encoding: 01000000000000000000000000000000 -> 02000000000000000000000000000000
========================================================================
Received Prepare
Registering precompiled user dll's ...
Registered in 0.005605 seconds.
Begin MonoManager ReloadAssembly
Native extension for WindowsStandalone target not found
Refreshing native plugins compatible for Editor in 0.42 ms, found 2 plugins.
Preloading 0 native plugins for Editor in 0.00 ms.
Mono: successfully reloaded assembly
- Completed reload, in  0.654 seconds
Platform modules already initialized, skipping
Switching build target platform(19) subTarget(0) extendedPlatform(0) -> platform(13) subTarget(537395200) extendedPlatform(0)
Refreshing native plugins compatible for Editor in 0.44 ms, found 2 plugins.
Preloading 0 native plugins for Editor in 0.00 ms.
Unloading 1233 Unused Serialized files (Serialized files now loaded: 0)
System memory in use before: 60.9 MB.
System memory in use after: 61.0 MB.

Unloading 34 unused Assets to reduce memory usage. Loaded Objects now: 1698.
Total: 1.646600 ms (FindLiveObjects: 0.149200 ms CreateObjectMapping: 0.028800 ms MarkObjects: 1.441800 ms  DeleteObjects: 0.025300 ms)

AssetImportParameters requested are different than current active one (requested -> active):
  custom:graphics/normal-map-encoding: 01000000000000000000000000000000 -> 02000000000000000000000000000000
========================================================================
Received Prepare
Registering precompiled user dll's ...
Registered in 0.004291 seconds.
Begin MonoManager ReloadAssembly
Native extension for WindowsStandalone target not found
Refreshing native plugins compatible for Editor in 0.43 ms, found 2 plugins.
Preloading 0 native plugins for Editor in 0.00 ms.
Mono: successfully reloaded assembly
- Completed reload, in  0.750 seconds
Platform modules already initialized, skipping
Switching build target platform(19) subTarget(0) extendedPlatform(0) -> platform(13) subTarget(537395200) extendedPlatform(0)
Refreshing native plugins compatible for Editor in 0.41 ms, found 2 plugins.
Preloading 0 native plugins for Editor in 0.00 ms.
Unloading 1233 Unused Serialized files (Serialized files now loaded: 0)
System memory in use before: 60.9 MB.
System memory in use after: 61.0 MB.

Unloading 34 unused Assets to reduce memory usage. Loaded Objects now: 1701.
Total: 1.385700 ms (FindLiveObjects: 0.145800 ms CreateObjectMapping: 0.029500 ms MarkObjects: 1.192100 ms  DeleteObjects: 0.017400 ms)

AssetImportParameters requested are different than current active one (requested -> active):
  custom:graphics/normal-map-encoding: 01000000000000000000000000000000 -> 02000000000000000000000000000000
========================================================================
Received Import Request.
  Time since last request: 230.957929 seconds.
  path: Assets/Scripts/ReturnHome.cs
  artifactKey: Guid(163ebf507c459a74a80d4cbd60c7e808) Importer(815301076,1909f56bfc062723c751e8b465ee728b)
Start importing Assets/Scripts/ReturnHome.cs using Guid(163ebf507c459a74a80d4cbd60c7e808) Importer(815301076,1909f56bfc062723c751e8b465ee728b)  -> (artifact id: '67f6896678aafb83faabddbb669de4af') in 0.021628 seconds
  Import took 0.023464 seconds .

========================================================================
Received Prepare
Registering precompiled user dll's ...
Registered in 0.004320 seconds.
Begin MonoManager ReloadAssembly
Native extension for WindowsStandalone target not found
Refreshing native plugins compatible for Editor in 0.41 ms, found 2 plugins.
Preloading 0 native plugins for Editor in 0.00 ms.
Mono: successfully reloaded assembly
- Completed reload, in  0.667 seconds
Platform modules already initialized, skipping
Switching build target platform(19) subTarget(0) extendedPlatform(0) -> platform(13) subTarget(537395200) extendedPlatform(0)
Refreshing native plugins compatible for Editor in 0.38 ms, found 2 plugins.
Preloading 0 native plugins for Editor in 0.00 ms.
Unloading 1234 Unused Serialized files (Serialized files now loaded: 0)
System memory in use before: 60.9 MB.
System memory in use after: 61.0 MB.

Unloading 34 unused Assets to reduce memory usage. Loaded Objects now: 1705.
Total: 1.579800 ms (FindLiveObjects: 0.147800 ms CreateObjectMapping: 0.028400 ms MarkObjects: 1.378500 ms  DeleteObjects: 0.023900 ms)

AssetImportParameters requested are different than current active one (requested -> active):
  custom:graphics/normal-map-encoding: 01000000000000000000000000000000 -> 02000000000000000000000000000000
========================================================================
Received Import Request.
  Time since last request: 77.465832 seconds.
  path: Assets/Scenes/InfoPage.unity
  artifactKey: Guid(391b086af2acbff4198a1a83abe62789) Importer(815301076,1909f56bfc062723c751e8b465ee728b)
Start importing Assets/Scenes/InfoPage.unity using Guid(391b086af2acbff4198a1a83abe62789) Importer(815301076,1909f56bfc062723c751e8b465ee728b)  -> (artifact id: '2d12b9cb465b4ba59ea59cc4d4fdbd9e') in 0.013859 seconds
  Import took 0.015672 seconds .

========================================================================
Received Import Request.
  Time since last request: 125.201450 seconds.
  path: Assets/Scripts/ReturnHome.cs
  artifactKey: Guid(163ebf507c459a74a80d4cbd60c7e808) Importer(815301076,1909f56bfc062723c751e8b465ee728b)
Start importing Assets/Scripts/ReturnHome.cs using Guid(163ebf507c459a74a80d4cbd60c7e808) Importer(815301076,1909f56bfc062723c751e8b465ee728b)  -> (artifact id: '200cc607338c3afb02d58844d086c2cc') in 0.003136 seconds
  Import took 0.005439 seconds .

========================================================================
Received Import Request.
  Time since last request: 83.893030 seconds.
  path: Assets/Scenes/InfoPage.unity
  artifactKey: Guid(391b086af2acbff4198a1a83abe62789) Importer(815301076,1909f56bfc062723c751e8b465ee728b)
Start importing Assets/Scenes/InfoPage.unity using Guid(391b086af2acbff4198a1a83abe62789) Importer(815301076,1909f56bfc062723c751e8b465ee728b)  -> (artifact id: '69e2a622651461dac9fc1e8dff4897bb') in 0.003432 seconds
  Import took 0.005285 seconds .

========================================================================
Received Prepare
Registering precompiled user dll's ...
Registered in 0.004261 seconds.
Begin MonoManager ReloadAssembly
Native extension for WindowsStandalone target not found
Refreshing native plugins compatible for Editor in 0.43 ms, found 2 plugins.
Preloading 0 native plugins for Editor in 0.00 ms.
Mono: successfully reloaded assembly
- Completed reload, in  0.636 seconds
Platform modules already initialized, skipping
Switching build target platform(19) subTarget(0) extendedPlatform(0) -> platform(13) subTarget(537395200) extendedPlatform(0)
Refreshing native plugins compatible for Editor in 0.34 ms, found 2 plugins.
Preloading 0 native plugins for Editor in 0.00 ms.
Unloading 1234 Unused Serialized files (Serialized files now loaded: 0)
System memory in use before: 60.9 MB.
System memory in use after: 61.0 MB.

Unloading 34 unused Assets to reduce memory usage. Loaded Objects now: 1708.
Total: 1.538700 ms (FindLiveObjects: 0.142100 ms CreateObjectMapping: 0.031400 ms MarkObjects: 1.339100 ms  DeleteObjects: 0.025100 ms)

AssetImportParameters requested are different than current active one (requested -> active):
  custom:graphics/normal-map-encoding: 01000000000000000000000000000000 -> 02000000000000000000000000000000
========================================================================
Received Import Request.
  Time since last request: 24.504533 seconds.
  path: Assets/Scripts/ReturnHome.cs
  artifactKey: Guid(163ebf507c459a74a80d4cbd60c7e808) Importer(815301076,1909f56bfc062723c751e8b465ee728b)
Start importing Assets/Scripts/ReturnHome.cs using Guid(163ebf507c459a74a80d4cbd60c7e808) Importer(815301076,1909f56bfc062723c751e8b465ee728b)  -> (artifact id: '92fadc927df348c54ed04920627600da') in 0.005673 seconds
  Import took 0.007877 seconds .

========================================================================
Received Prepare
Registering precompiled user dll's ...
Registered in 0.004779 seconds.
Begin MonoManager ReloadAssembly
Native extension for WindowsStandalone target not found
Refreshing native plugins compatible for Editor in 0.42 ms, found 2 plugins.
Preloading 0 native plugins for Editor in 0.00 ms.
Mono: successfully reloaded assembly
- Completed reload, in  0.656 seconds
Platform modules already initialized, skipping
Switching build target platform(19) subTarget(0) extendedPlatform(0) -> platform(13) subTarget(537395200) extendedPlatform(0)
Refreshing native plugins compatible for Editor in 0.34 ms, found 2 plugins.
Preloading 0 native plugins for Editor in 0.00 ms.
Unloading 1234 Unused Serialized files (Serialized files now loaded: 0)
System memory in use before: 61.0 MB.
System memory in use after: 61.1 MB.

Unloading 34 unused Assets to reduce memory usage. Loaded Objects now: 1711.
Total: 1.566000 ms (FindLiveObjects: 0.137800 ms CreateObjectMapping: 0.027500 ms MarkObjects: 1.374800 ms  DeleteObjects: 0.024900 ms)

AssetImportParameters requested are different than current active one (requested -> active):
  custom:graphics/normal-map-encoding: 01000000000000000000000000000000 -> 02000000000000000000000000000000
========================================================================
Received Import Request.
  Time since last request: 42.483656 seconds.
  path: Assets/Scripts/ReturnHome.cs
  artifactKey: Guid(163ebf507c459a74a80d4cbd60c7e808) Importer(815301076,1909f56bfc062723c751e8b465ee728b)
Start importing Assets/Scripts/ReturnHome.cs using Guid(163ebf507c459a74a80d4cbd60c7e808) Importer(815301076,1909f56bfc062723c751e8b465ee728b)  -> (artifact id: 'f9bc7974dbef6acccac48ec1660fa964') in 0.003952 seconds
  Import took 0.005768 seconds .

========================================================================
Received Prepare
Registering precompiled user dll's ...
Registered in 0.004219 seconds.
Begin MonoManager ReloadAssembly
Native extension for WindowsStandalone target not found
Refreshing native plugins compatible for Editor in 0.45 ms, found 2 plugins.
Preloading 0 native plugins for Editor in 0.00 ms.
Mono: successfully reloaded assembly
- Completed reload, in  0.699 seconds
Platform modules already initialized, skipping
Switching build target platform(19) subTarget(0) extendedPlatform(0) -> platform(13) subTarget(537395200) extendedPlatform(0)
Refreshing native plugins compatible for Editor in 0.42 ms, found 2 plugins.
Preloading 0 native plugins for Editor in 0.00 ms.
Unloading 1234 Unused Serialized files (Serialized files now loaded: 0)
System memory in use before: 61.0 MB.
System memory in use after: 61.1 MB.

Unloading 34 unused Assets to reduce memory usage. Loaded Objects now: 1714.
Total: 1.717500 ms (FindLiveObjects: 0.174200 ms CreateObjectMapping: 0.029600 ms MarkObjects: 1.491900 ms  DeleteObjects: 0.020700 ms)

AssetImportParameters requested are different than current active one (requested -> active):
  custom:graphics/normal-map-encoding: 01000000000000000000000000000000 -> 02000000000000000000000000000000
========================================================================
Received Prepare
Registering precompiled user dll's ...
Registered in 0.000646 seconds.
Begin MonoManager ReloadAssembly
Native extension for WindowsStandalone target not found
Refreshing native plugins compatible for Editor in 0.32 ms, found 1 plugins.
Preloading 0 native plugins for Editor in 0.00 ms.
Mono: successfully reloaded assembly
- Completed reload, in  0.631 seconds
Platform modules already initialized, skipping
Switching build target platform(19) subTarget(0) extendedPlatform(0) -> platform(13) subTarget(537395200) extendedPlatform(0)
Refreshing native plugins compatible for Editor in 0.32 ms, found 1 plugins.
Preloading 0 native plugins for Editor in 0.00 ms.
Unloading 1214 Unused Serialized files (Serialized files now loaded: 0)
System memory in use before: 60.3 MB.
System memory in use after: 60.4 MB.

Unloading 20 unused Assets to reduce memory usage. Loaded Objects now: 1715.
Total: 1.565900 ms (FindLiveObjects: 0.149900 ms CreateObjectMapping: 0.027000 ms MarkObjects: 1.373300 ms  DeleteObjects: 0.015000 ms)

AssetImportParameters requested are different than current active one (requested -> active):
  custom:graphics/normal-map-encoding: 01000000000000000000000000000000 -> 02000000000000000000000000000000
========================================================================
Received Import Request.
  Time since last request: 395.697654 seconds.
  path: Assets/Editor/com.unity.mobile.notifications/NotificationSettings.asset
  artifactKey: Guid(45a04f37e0f48c744acc0874c4a8918a) Importer(815301076,1909f56bfc062723c751e8b465ee728b)
Start importing Assets/Editor/com.unity.mobile.notifications/NotificationSettings.asset using Guid(45a04f37e0f48c744acc0874c4a8918a) Importer(815301076,1909f56bfc062723c751e8b465ee728b)  -> (artifact id: 'ff55af553be75e1c08cd6cbfc2306e37') in 0.017562 seconds
  Import took 0.019470 seconds .

========================================================================
Received Import Request.
  Time since last request: 9.322533 seconds.
  path: Assets/Scenes/HomeScene.unity
  artifactKey: Guid(46e8aad4038e76f41ac393daeb36428e) Importer(815301076,1909f56bfc062723c751e8b465ee728b)
Start importing Assets/Scenes/HomeScene.unity using Guid(46e8aad4038e76f41ac393daeb36428e) Importer(815301076,1909f56bfc062723c751e8b465ee728b)  -> (artifact id: '50cab5c3bc4eaabae588c239d6e4741a') in 0.006672 seconds
  Import took 0.008479 seconds .

========================================================================
Received Import Request.
  Time since last request: 13.850739 seconds.
  path: Assets/Sprites/space.jpg
  artifactKey: Guid(c0577e2c6f22b6a4dae7e0e489352a7f) Importer(815301076,1909f56bfc062723c751e8b465ee728b)
Start importing Assets/Sprites/space.jpg using Guid(c0577e2c6f22b6a4dae7e0e489352a7f) Importer(815301076,1909f56bfc062723c751e8b465ee728b)  -> (artifact id: '0f5c2247314777012196799d2d1567ad') in 0.089132 seconds
  Import took 0.090985 seconds .

AssetImportWorkerClient::OnTransportError - code=2 error=End of file
